  Attack_Weight.cpp
E:\OneDrive - ВГУ\C++\project_1\project_1\Attack_Weight.cpp(23,21): warning C4305: return: усечение из "double" в "float"
  Cell.cpp
  CheckWin.cpp
  countWeight.cpp
  gameConsoleBot.cpp
  interface.cpp
E:\OneDrive - ВГУ\C++\project_1\project_1\interface.cpp(14,14): warning C4838: Преобразование из "const int" в "SHORT" требует сужающего преобразования.
E:\OneDrive - ВГУ\C++\project_1\project_1\interface.cpp(14,17): warning C4838: Преобразование из "const int" в "SHORT" требует сужающего преобразования.
E:\OneDrive - ВГУ\C++\project_1\project_1\interface.cpp(41,9): warning C4244: инициализация: преобразование "double" в "int", возможна потеря данных
E:\OneDrive - ВГУ\C++\project_1\project_1\interface.cpp(69,15): warning C4244: аргумент: преобразование "double" в "const int", возможна потеря данных
E:\OneDrive - ВГУ\C++\project_1\project_1\interface.cpp(90,15): warning C4244: аргумент: преобразование "double" в "const int", возможна потеря данных
E:\OneDrive - ВГУ\C++\project_1\project_1\interface.cpp(119,16): warning C4244: аргумент: преобразование "double" в "const int", возможна потеря данных
E:\OneDrive - ВГУ\C++\project_1\project_1\interface.cpp(122,16): warning C4244: аргумент: преобразование "double" в "const int", возможна потеря данных
E:\OneDrive - ВГУ\C++\project_1\project_1\interface.cpp(127,16): warning C4244: аргумент: преобразование "double" в "const int", возможна потеря данных
E:\OneDrive - ВГУ\C++\project_1\project_1\interface.cpp(132,16): warning C4244: аргумент: преобразование "double" в "const int", возможна потеря данных
E:\OneDrive - ВГУ\C++\project_1\project_1\interface.cpp(137,16): warning C4244: аргумент: преобразование "double" в "const int", возможна потеря данных
E:\OneDrive - ВГУ\C++\project_1\project_1\interface.cpp(145,17): warning C4244: аргумент: преобразование "double" в "const int", возможна потеря данных
E:\OneDrive - ВГУ\C++\project_1\project_1\interface.cpp(148,17): warning C4244: аргумент: преобразование "double" в "const int", возможна потеря данных
E:\OneDrive - ВГУ\C++\project_1\project_1\interface.cpp(153,17): warning C4244: аргумент: преобразование "double" в "const int", возможна потеря данных
E:\OneDrive - ВГУ\C++\project_1\project_1\interface.cpp(158,17): warning C4244: аргумент: преобразование "double" в "const int", возможна потеря данных
E:\OneDrive - ВГУ\C++\project_1\project_1\interface.cpp(163,17): warning C4244: аргумент: преобразование "double" в "const int", возможна потеря данных
E:\OneDrive - ВГУ\C++\project_1\project_1\interface.cpp(265,9): warning C4244: инициализация: преобразование "double" в "int", возможна потеря данных
E:\OneDrive - ВГУ\C++\project_1\project_1\interface.cpp(266,9): warning C4244: инициализация: преобразование "double" в "int", возможна потеря данных
E:\OneDrive - ВГУ\C++\project_1\project_1\interface.cpp(342,17): warning C4244: аргумент: преобразование "double" в "const int", возможна потеря данных
E:\OneDrive - ВГУ\C++\project_1\project_1\interface.cpp(357,17): warning C4244: аргумент: преобразование "double" в "const int", возможна потеря данных
E:\OneDrive - ВГУ\C++\project_1\project_1\interface.cpp(367,17): warning C4244: аргумент: преобразование "double" в "const int", возможна потеря данных
E:\OneDrive - ВГУ\C++\project_1\project_1\interface.cpp(382,17): warning C4244: аргумент: преобразование "double" в "const int", возможна потеря данных
E:\OneDrive - ВГУ\C++\project_1\project_1\interface.cpp(398,17): warning C4244: аргумент: преобразование "double" в "const int", возможна потеря данных
E:\OneDrive - ВГУ\C++\project_1\project_1\interface.cpp(431,19): warning C4838: Преобразование из "int" в "SHORT" требует сужающего преобразования.
E:\OneDrive - ВГУ\C++\project_1\project_1\interface.cpp(431,22): warning C4838: Преобразование из "int" в "SHORT" требует сужающего преобразования.
E:\OneDrive - ВГУ\C++\project_1\project_1\interface.cpp(632,17): warning C4244: аргумент: преобразование "double" в "const int", возможна потеря данных
E:\OneDrive - ВГУ\C++\project_1\project_1\interface.cpp(638,17): warning C4244: аргумент: преобразование "double" в "const int", возможна потеря данных
E:\OneDrive - ВГУ\C++\project_1\project_1\interface.cpp(643,17): warning C4244: аргумент: преобразование "double" в "const int", возможна потеря данных
E:\OneDrive - ВГУ\C++\project_1\project_1\interface.cpp(648,17): warning C4244: аргумент: преобразование "double" в "const int", возможна потеря данных
E:\OneDrive - ВГУ\C++\project_1\project_1\interface.cpp(654,17): warning C4244: аргумент: преобразование "double" в "const int", возможна потеря данных
E:\OneDrive - ВГУ\C++\project_1\project_1\interface.cpp(660,17): warning C4244: аргумент: преобразование "double" в "const int", возможна потеря данных
E:\OneDrive - ВГУ\C++\project_1\project_1\interface.cpp(665,17): warning C4244: аргумент: преобразование "double" в "const int", возможна потеря данных
E:\OneDrive - ВГУ\C++\project_1\project_1\interface.cpp(670,17): warning C4244: аргумент: преобразование "double" в "const int", возможна потеря данных
E:\OneDrive - ВГУ\C++\project_1\project_1\interface.cpp(682,17): warning C4244: аргумент: преобразование "double" в "const int", возможна потеря данных
E:\OneDrive - ВГУ\C++\project_1\project_1\interface.cpp(790,17): warning C4244: аргумент: преобразование "double" в "const int", возможна потеря данных
E:\OneDrive - ВГУ\C++\project_1\project_1\interface.cpp(793,17): warning C4244: аргумент: преобразование "double" в "const int", возможна потеря данных
E:\OneDrive - ВГУ\C++\project_1\project_1\interface.cpp(796,17): warning C4244: аргумент: преобразование "double" в "const int", возможна потеря данных
E:\OneDrive - ВГУ\C++\project_1\project_1\interface.cpp(801,17): warning C4244: аргумент: преобразование "double" в "const int", возможна потеря данных
E:\OneDrive - ВГУ\C++\project_1\project_1\interface.cpp(806,17): warning C4244: аргумент: преобразование "double" в "const int", возможна потеря данных
E:\OneDrive - ВГУ\C++\project_1\project_1\interface.cpp(813,17): warning C4244: аргумент: преобразование "double" в "const int", возможна потеря данных
E:\OneDrive - ВГУ\C++\project_1\project_1\interface.cpp(816,17): warning C4244: аргумент: преобразование "double" в "const int", возможна потеря данных
E:\OneDrive - ВГУ\C++\project_1\project_1\interface.cpp(819,17): warning C4244: аргумент: преобразование "double" в "const int", возможна потеря данных
E:\OneDrive - ВГУ\C++\project_1\project_1\interface.cpp(824,17): warning C4244: аргумент: преобразование "double" в "const int", возможна потеря данных
E:\OneDrive - ВГУ\C++\project_1\project_1\interface.cpp(829,17): warning C4244: аргумент: преобразование "double" в "const int", возможна потеря данных
E:\OneDrive - ВГУ\C++\project_1\project_1\interface.cpp(840,17): warning C4244: аргумент: преобразование "double" в "const int", возможна потеря данных
E:\OneDrive - ВГУ\C++\project_1\project_1\interface.cpp(1762,17): warning C4244: аргумент: преобразование "double" в "const int", возможна потеря данных
E:\OneDrive - ВГУ\C++\project_1\project_1\interface.cpp(1765,17): warning C4244: аргумент: преобразование "double" в "const int", возможна потеря данных
E:\OneDrive - ВГУ\C++\project_1\project_1\interface.cpp(1770,17): warning C4244: аргумент: преобразование "double" в "const int", возможна потеря данных
E:\OneDrive - ВГУ\C++\project_1\project_1\interface.cpp(1775,17): warning C4244: аргумент: преобразование "double" в "const int", возможна потеря данных
E:\OneDrive - ВГУ\C++\project_1\project_1\interface.cpp(1783,18): warning C4244: аргумент: преобразование "double" в "const int", возможна потеря данных
E:\OneDrive - ВГУ\C++\project_1\project_1\interface.cpp(1786,18): warning C4244: аргумент: преобразование "double" в "const int", возможна потеря данных
E:\OneDrive - ВГУ\C++\project_1\project_1\interface.cpp(1791,18): warning C4244: аргумент: преобразование "double" в "const int", возможна потеря данных
E:\OneDrive - ВГУ\C++\project_1\project_1\interface.cpp(1796,18): warning C4244: аргумент: преобразование "double" в "const int", возможна потеря данных
E:\OneDrive - ВГУ\C++\project_1\project_1\interface.cpp(1808,17): warning C4244: аргумент: преобразование "double" в "const int", возможна потеря данных
  MatrFile.cpp
E:\OneDrive - ВГУ\C++\project_1\project_1\MatrFile.cpp(34,26): warning C4244: =: преобразование "std::streamoff" в "int", возможна потеря данных
E:\OneDrive - ВГУ\C++\project_1\project_1\MatrFile.cpp(49,26): warning C4244: =: преобразование "std::streamoff" в "int", возможна потеря данных
E:\OneDrive - ВГУ\C++\project_1\project_1\MatrFile.cpp(65,26): warning C4244: =: преобразование "std::streamoff" в "int", возможна потеря данных
  MatrObj.cpp
E:\OneDrive - ВГУ\C++\project_1\project_1\MatrObj.cpp(30,8): warning C4101: weight: неиспользованная локальная переменная
  project_1.cpp
E:\OneDrive - ВГУ\C++\project_1\project_1\project_1.cpp(64,30): warning C4244: аргумент: преобразование "double" в "const int", возможна потеря данных
E:\OneDrive - ВГУ\C++\project_1\project_1\project_1.cpp(74,18): warning C4244: аргумент: преобразование "double" в "const int", возможна потеря данных
  gameConsole.cpp
  workWithFile.cpp
E:\OneDrive - ВГУ\C++\project_1\project_1\workWithFile.cpp(7,11): warning C4244: инициализация: преобразование "std::streamoff" в "int", возможна потеря данных
E:\OneDrive - ВГУ\C++\project_1\project_1\workWithFile.cpp(14,23): warning C4244: =: преобразование "std::streamoff" в "int", возможна потеря данных
  Создание кода...
E:\OneDrive - ВГУ\C++\project_1\project_1\gameConsole.cpp(375): warning C4715: gameConsole: значение возвращается не при всех путях выполнения
E:\OneDrive - ВГУ\C++\project_1\project_1\gameConsoleBot.cpp(127): warning C4715: gameConsoleBot: значение возвращается не при всех путях выполнения
E:\OneDrive - ВГУ\C++\project_1\project_1\countWeight.cpp(67): warning C4715: checkAttackplace: значение возвращается не при всех путях выполнения
E:\OneDrive - ВГУ\C++\project_1\project_1\CheckWin.cpp(70): warning C4715: ToCoord: значение возвращается не при всех путях выполнения
E:\OneDrive - ВГУ\C++\project_1\project_1\Attack_Weight.cpp(53): warning C4715: Attack_Weight::get_weight: значение возвращается не при всех путях выполнения
  project_1.vcxproj -> E:\OneDrive - ВГУ\C++\project_1\Debug\project_1.exe
