e:\onedrive\c++\project_1\project_1\debug\vc142.pdb
e:\onedrive\c++\project_1\project_1\debug\vc142.idb
e:\onedrive\c++\project_1\project_1\debug\gameconsole.obj
e:\onedrive\c++\project_1\project_1\debug\project_1.obj
e:\onedrive\c++\project_1\project_1\debug\matrobj.obj
e:\onedrive\c++\project_1\project_1\debug\matrfile.obj
e:\onedrive\c++\project_1\project_1\debug\interface.obj
e:\onedrive\c++\project_1\project_1\debug\gameconsolebot.obj
e:\onedrive\c++\project_1\project_1\debug\countweight.obj
e:\onedrive\c++\project_1\project_1\debug\checkwin.obj
e:\onedrive\c++\project_1\project_1\debug\cell.obj
e:\onedrive\c++\project_1\project_1\debug\attack_weight.obj
e:\onedrive\c++\project_1\project_1\debug\workwithfile.obj
e:\onedrive\c++\project_1\debug\project_1.exe
e:\onedrive\c++\project_1\debug\project_1.ilk
e:\onedrive\c++\project_1\debug\project_1.pdb
e:\onedrive\c++\project_1\project_1\debug\matrfile.obj.enc
e:\onedrive\c++\project_1\project_1\debug\project_1.tlog\cl.command.1.tlog
e:\onedrive\c++\project_1\project_1\debug\project_1.tlog\cl.read.1.tlog
e:\onedrive\c++\project_1\project_1\debug\project_1.tlog\cl.write.1.tlog
e:\onedrive\c++\project_1\project_1\debug\project_1.tlog\link.command.1.tlog
e:\onedrive\c++\project_1\project_1\debug\project_1.tlog\link.read.1.tlog
e:\onedrive\c++\project_1\project_1\debug\project_1.tlog\link.write.1.tlog
